1618852186219	mozrunner::runner	INFO	Running command: "/usr/bin/firefox" "-marionette" "-foreground" "-no-remote" "-profile" "/tmp/rust_mozprofileKHumzd"
console.warn: SearchSettings: "get: No settings file exists, new profile?" (new Error("", "(unknown module)"))
1618852198484	Marionette	INFO	Listening on port 46601
1618852198816	Marionette	WARN	TLS certificate errors will be ignored for this session
console.error: "Error while calling actor 'layout's method 'getGrids'" "node is null"
console.error: "getGrids@resource://devtools/server/actors/layout.js:502:26\ngetGrids@resource://devtools/server/actors/layout.js:507:43\nhandler@resource://devtools/shared/protocol/Actor.js:172:37\nonPacket@resource://devtools/server/devtools-server-connection.js:379:58\nreceiveMessage@resource://devtools/shared/transport/child-transport.js:68:16\n"
JavaScript error: resource://devtools/client/inspector/rules/utils/utils.js, line 186: TypeError: rule is undefined
JavaScript error: resource://devtools/client/inspector/rules/utils/utils.js, line 186: TypeError: rule is undefined
JavaScript error: resource://devtools/client/inspector/rules/utils/utils.js, line 186: TypeError: rule is undefined
JavaScript error: resource://devtools/client/inspector/rules/utils/utils.js, line 186: TypeError: rule is undefined
JavaScript error: resource://devtools/client/inspector/rules/utils/utils.js, line 186: TypeError: rule is undefined
JavaScript error: resource://devtools/client/inspector/rules/utils/utils.js, line 186: TypeError: rule is undefined
console.log: WebExtensions: reset-default-search: No addons in our list are installed.
JavaScript error: resource://devtools/client/inspector/rules/utils/utils.js, line 192: TypeError: rule is undefined
console.warn: LoginRecipes: "getRecipes: falling back to a synchronous message for:" "https://de.afew-store.com"
1618852991702	Marionette	INFO	Stopped listening on port 46601
1618853007486	mozrunner::runner	INFO	Running command: "/usr/bin/firefox" "-marionette" "-foreground" "-no-remote" "-profile" "/tmp/rust_mozprofile3titbw"
console.warn: SearchSettings: "get: No settings file exists, new profile?" (new Error("", "(unknown module)"))
1618853023393	Marionette	INFO	Listening on port 36081
1618853023624	Marionette	WARN	TLS certificate errors will be ignored for this session
1618853065302	Marionette	INFO	Stopped listening on port 36081
1618853071341	mozrunner::runner	INFO	Running command: "/usr/bin/firefox" "-marionette" "-foreground" "-no-remote" "-profile" "/tmp/rust_mozprofileAGjZDC"
console.warn: SearchSettings: "get: No settings file exists, new profile?" (new Error("", "(unknown module)"))
1618853077582	Marionette	INFO	Listening on port 36261
1618853077707	Marionette	WARN	TLS certificate errors will be ignored for this session
1618853371897	Marionette	INFO	Stopped listening on port 36261
1618853377209	mozrunner::runner	INFO	Running command: "/usr/bin/firefox" "-marionette" "-foreground" "-no-remote" "-profile" "/tmp/rust_mozprofilez0T77H"
console.warn: SearchSettings: "get: No settings file exists, new profile?" (new Error("", "(unknown module)"))
1618853386736	Marionette	INFO	Listening on port 34469
1618853386873	Marionette	WARN	TLS certificate errors will be ignored for this session
1618853434626	Marionette	INFO	Stopped listening on port 34469
1618853443988	mozrunner::runner	INFO	Running command: "/usr/bin/firefox" "-marionette" "-foreground" "-no-remote" "-profile" "/tmp/rust_mozprofilepelP6A"
console.warn: SearchSettings: "get: No settings file exists, new profile?" (new Error("", "(unknown module)"))
1618853450415	Marionette	INFO	Listening on port 36113
1618853450468	Marionette	WARN	TLS certificate errors will be ignored for this session
1618853506948	Marionette	INFO	Stopped listening on port 36113

###!!! [Parent][RunMessage] Error: Channel closing: too late to send/recv, messages will be lost

1618853541222	mozrunner::runner	INFO	Running command: "/usr/bin/firefox" "-marionette" "-foreground" "-no-remote" "-profile" "/tmp/rust_mozprofileo5Jy1x"
console.warn: SearchSettings: "get: No settings file exists, new profile?" (new Error("", "(unknown module)"))
1618853548092	Marionette	INFO	Listening on port 43801
1618853548182	Marionette	WARN	TLS certificate errors will be ignored for this session
console.warn: LoginRecipes: "getRecipes: falling back to a synchronous message for:" "https://raffles.afew-store.com"
console.warn: LoginRecipes: "getRecipes: falling back to a synchronous message for:" "https://raffles.afew-store.com"
console.log: WebExtensions: reset-default-search: No addons in our list are installed.
JavaScript error: , line 0: NetworkError: A network error occurred.
console.warn: LoginRecipes: "getRecipes: falling back to a synchronous message for:" "https://raffles.afew-store.com"
IPDL protocol error: Handler returned error code!

###!!! [Parent][DispatchAsyncMessage] Error: PLayerTransaction::Msg_ReleaseLayer Processing error: message was deserialized, but the handler returned false (indicating failure)

IPDL protocol error: Handler returned error code!

###!!! [Parent][DispatchAsyncMessage] Error: PLayerTransaction::Msg_ReleaseLayer Processing error: message was deserialized, but the handler returned false (indicating failure)

IPDL protocol error: Handler returned error code!

###!!! [Parent][DispatchAsyncMessage] Error: PLayerTransaction::Msg_ReleaseLayer Processing error: message was deserialized, but the handler returned false (indicating failure)

IPDL protocol error: Handler returned error code!

###!!! [Parent][DispatchAsyncMessage] Error: PLayerTransaction::Msg_ReleaseLayer Processing error: message was deserialized, but the handler returned false (indicating failure)

IPDL protocol error: Handler returned error code!

###!!! [Parent][DispatchAsyncMessage] Error: PLayerTransaction::Msg_ReleaseLayer Processing error: message was deserialized, but the handler returned false (indicating failure)

IPDL protocol error: Handler returned error code!

###!!! [Parent][DispatchAsyncMessage] Error: PLayerTransaction::Msg_ReleaseLayer Processing error: message was deserialized, but the handler returned false (indicating failure)

IPDL protocol error: Handler returned error code!

###!!! [Parent][DispatchAsyncMessage] Error: PLayerTransaction::Msg_ReleaseLayer Processing error: message was deserialized, but the handler returned false (indicating failure)

IPDL protocol error: Handler returned error code!

###!!! [Parent][DispatchAsyncMessage] Error: PLayerTransaction::Msg_ReleaseLayer Processing error: message was deserialized, but the handler returned false (indicating failure)

IPDL protocol error: Handler returned error code!

###!!! [Parent][DispatchAsyncMessage] Error: PLayerTransaction::Msg_ReleaseLayer Processing error: message was deserialized, but the handler returned false (indicating failure)

IPDL protocol error: Handler returned error code!

###!!! [Parent][DispatchAsyncMessage] Error: PLayerTransaction::Msg_ReleaseLayer Processing error: message was deserialized, but the handler returned false (indicating failure)

1618854579388	Marionette	INFO	Stopped listening on port 43801
1618854595085	mozrunner::runner	INFO	Running command: "/usr/bin/firefox" "-marionette" "-foreground" "-no-remote" "-profile" "/tmp/rust_mozprofile4MPHiw"
console.warn: SearchSettings: "get: No settings file exists, new profile?" (new Error("", "(unknown module)"))
1618854607320	Marionette	INFO	Listening on port 37789
1618854607567	Marionette	WARN	TLS certificate errors will be ignored for this session
1618854623284	Marionette	INFO	Stopped listening on port 37789
1618854639390	mozrunner::runner	INFO	Running command: "/usr/bin/firefox" "-marionette" "-foreground" "-no-remote" "-profile" "/tmp/rust_mozprofilegm6Ipg"
console.warn: SearchSettings: "get: No settings file exists, new profile?" (new Error("", "(unknown module)"))
1618854645314	Marionette	INFO	Listening on port 37071
1618854645448	Marionette	WARN	TLS certificate errors will be ignored for this session
1618854669935	Marionette	INFO	Stopped listening on port 37071
1618854674689	mozrunner::runner	INFO	Running command: "/usr/bin/firefox" "-marionette" "-foreground" "-no-remote" "-profile" "/tmp/rust_mozprofileY7SPDL"
console.warn: SearchSettings: "get: No settings file exists, new profile?" (new Error("", "(unknown module)"))
1618854680615	Marionette	INFO	Listening on port 45241
1618854680684	Marionette	WARN	TLS certificate errors will be ignored for this session
1618854941642	mozrunner::runner	INFO	Running command: "/usr/bin/firefox" "-marionette" "-foreground" "-no-remote" "-profile" "/tmp/rust_mozprofilehw4Uj8"
console.warn: SearchSettings: "get: No settings file exists, new profile?" (new Error("", "(unknown module)"))
1618854949353	Marionette	INFO	Listening on port 35173
1618854949431	Marionette	WARN	TLS certificate errors will be ignored for this session
JavaScript error: https://static.zdassets.com/web_widget/latest/vendors~lazy/web_widget~messenger.88c46634dcce586eee9e.chunk.js, line 46: Error: An error occured while selecting the store state: Permission denied to access property "HelpCenter" on cross-origin object.
The error may be correlated with this previous error:
u@https://static.zdassets.com/web_widget/latest/framework.7358ca48d43ed514ac70.chunk.js:2:11876
s/</f<@https://static.zdassets.com/web_widget/latest/vendors~lazy/web_widget.2f80a0c45270ff6aa17e.chunk.js:40:60453
i/<@https://static.zdassets.com/web_widget/latest/vendors~lazy/web_widget.2f80a0c45270ff6aa17e.chunk.js:40:59777
s/</f<@https://static.zdassets.com/web_widget/latest/vendors~lazy/web_widget.2f80a0c45270ff6aa17e.chunk.js:40:60453
i/<@https://static.zdassets.com/web_widget/latest/vendors~lazy/web_widget.2f80a0c45270ff6aa17e.chunk.js:40:59777
s/</f<@https://static.zdassets.com/web_widget/latest/vendors~lazy/web_widget.2f80a0c45270ff6aa17e.chunk.js:40:60453
i/<@https://static.zdassets.com/web_widget/latest/vendors~lazy/web_widget.2f80a0c45270ff6aa17e.chunk.js:40:59777
s/</f<@https://static.zdassets.com/web_widget/latest/vendors~lazy/web_widget.2f80a0c45270ff6aa17e.chunk.js:40:60453
i/<@https://static.zdassets.com/web_widget/latest/vendors~lazy/web_widget.2f80a0c45270ff6aa17e.chunk.js:40:59777
de@https://static.zdassets.com/web_widget/latest/lazy/web_widget.ab90333a43c801cfd35a.chunk.js:2:135863
St/s<@https://static.zdassets.com/web_widget/latest/lazy/web_widget.ab90333a43c801cfd35a.chunk.js:2:266178
e@https://static.zdassets.com/web_widget/latest/vendors~lazy/web_widget~messenger.88c46634dcce586eee9e.chunk.js:46:14769
uDfI/f</t.handleChangeWrapper@https://static.zdassets.com/web_widget/latest/vendors~lazy/web_widget~messenger.88c46634dcce586eee9e.chunk.js:46:4381
notify/<@https://static.zdassets.com/web_widget/latest/vendors~lazy/web_widget~messenger.88c46634dcce586eee9e.chunk.js:46:3816
pl@https://static.zdassets.com/web_widget/latest/vendors~lazy/web_widget~messenger.88c46634dcce586eee9e.chunk.js:54:95404
notify@https://static.zdassets.com/web_widget/latest/vendors~lazy/web_widget~messenger.88c46634dcce586eee9e.chunk.js:46:3772
uDfI/f</t.notifyNestedSubs@https://static.zdassets.com/web_widget/latest/vendors~lazy/web_widget~messenger.88c46634dcce586eee9e.chunk.js:46:4313
uDfI/d</a.notifySubscribers@https://static.zdassets.com/web_widget/latest/vendors~lazy/web_widget~messenger.88c46634dcce586eee9e.chunk.js:46:5877
uDfI/f</t.handleChangeWrapper@https://static.zdassets.com/web_widget/latest/vendors~lazy/web_widget~messenger.88c46634dcce586eee9e.chunk.js:46:4381
b@https://static.zdassets.com/web_widget/latest/vendors~lazy/web_widget~messenger.88c46634dcce586eee9e.chunk.js:10:3606
tv/</</<@https://static.zdassets.com/web_widget/latest/lazy/web_widget.ab90333a43c801cfd35a.chunk.js:2:520568
w_/</<@https://static.zdassets.com/web_widget/latest/lazy/web_widget.ab90333a43c801cfd35a.chunk.js:2:632688
aT/</<@https://static.zdassets.com/web_widget/latest/lazy/web_widget.ab90333a43c801cfd35a.chunk.js:2:640450
tv/</</<@https://static.zdassets.com/web_widget/latest/lazy/web_widget.ab90333a43c801cfd35a.chunk.js:2:520568
hT/</<@https://static.zdassets.com/web_widget/latest/lazy/web_widget.ab90333a43c801cfd35a.chunk.js:2:643683
tv/</</<@https://static.zdassets.com/web_widget/latest/lazy/web_widget.ab90333a43c801cfd35a.chunk.js:2:520568
C_/</</<@https://static.zdassets.com/web_widget/latest/lazy/web_widget.ab90333a43c801cfd35a.chunk.js:2:632980
F_/</<@https://static.zdassets.com/web_widget/latest/lazy/web_widget.ab90333a43c801cfd35a.chunk.js:2:636476
r/</</<@https://static.zdassets.com/web_widget/latest/vendors~lazy/web_widget~messenger.88c46634dcce586eee9e.chunk.js:18:42017
dispatch@https://static.zdassets.com/web_widget/latest/vendors~lazy/web_widget~messenger.88c46634dcce586eee9e.chunk.js:10:7295
q/</<@https://static.zdassets.com/web_widget/latest/lazy/web_widget.ab90333a43c801cfd35a.chunk.js:2:684320


Original stack trace:
console.log: WebExtensions: reset-default-search: No addons in our list are installed.
console.log: WebExtensions: reset-default-search: No addons in our list are installed.
1618859542690	Marionette	INFO	Stopped listening on port 35173
IPDL protocol error: Handler returned error code!

###!!! [Parent][DispatchAsyncMessage] Error: PLayerTransaction::Msg_ReleaseLayer Processing error: message was deserialized, but the handler returned false (indicating failure)

IPDL protocol error: Handler returned error code!

###!!! [Parent][DispatchAsyncMessage] Error: PLayerTransaction::Msg_ReleaseLayer Processing error: message was deserialized, but the handler returned false (indicating failure)

IPDL protocol error: Handler returned error code!

###!!! [Parent][DispatchAsyncMessage] Error: PLayerTransaction::Msg_ReleaseLayer Processing error: message was deserialized, but the handler returned false (indicating failure)

IPDL protocol error: Handler returned error code!

###!!! [Parent][DispatchAsyncMessage] Error: PLayerTransaction::Msg_ReleaseLayer Processing error: message was deserialized, but the handler returned false (indicating failure)

IPDL protocol error: Handler returned error code!

###!!! [Parent][DispatchAsyncMessage] Error: PLayerTransaction::Msg_ReleaseLayer Processing error: message was deserialized, but the handler returned false (indicating failure)

IPDL protocol error: Handler returned error code!

###!!! [Parent][DispatchAsyncMessage] Error: PLayerTransaction::Msg_ReleaseLayer Processing error: message was deserialized, but the handler returned false (indicating failure)

IPDL protocol error: Handler returned error code!

###!!! [Parent][DispatchAsyncMessage] Error: PLayerTransaction::Msg_ReleaseLayer Processing error: message was deserialized, but the handler returned false (indicating failure)

IPDL protocol error: Handler returned error code!

###!!! [Parent][DispatchAsyncMessage] Error: PLayerTransaction::Msg_ReleaseLayer Processing error: message was deserialized, but the handler returned false (indicating failure)

IPDL protocol error: Handler returned error code!

###!!! [Parent][DispatchAsyncMessage] Error: PLayerTransaction::Msg_ReleaseLayer Processing error: message was deserialized, but the handler returned false (indicating failure)

IPDL protocol error: Handler returned error code!

###!!! [Parent][DispatchAsyncMessage] Error: PLayerTransaction::Msg_ReleaseLayer Processing error: message was deserialized, but the handler returned false (indicating failure)

1618859555562	Marionette	INFO	Stopped listening on port 45241

###!!! [Parent][RunMessage] Error: Channel closing: too late to send/recv, messages will be lost

1618865305803	mozrunner::runner	INFO	Running command: "/usr/bin/firefox" "-marionette" "-foreground" "-no-remote" "-profile" "/tmp/rust_mozprofilePXZnfK"
console.warn: SearchSettings: "get: No settings file exists, new profile?" (new Error("", "(unknown module)"))
1618865321093	Marionette	INFO	Listening on port 45859
1618865321330	Marionette	WARN	TLS certificate errors will be ignored for this session
1618865367970	mozrunner::runner	INFO	Running command: "/usr/bin/firefox" "-marionette" "-foreground" "-no-remote" "-profile" "/tmp/rust_mozprofileck33KL"
console.warn: SearchSettings: "get: No settings file exists, new profile?" (new Error("", "(unknown module)"))
1618865375781	Marionette	INFO	Listening on port 45579
1618865375856	Marionette	WARN	TLS certificate errors will be ignored for this session
console.error: (new TypeError("currentNode is null", "resource://devtools/client/inspector/shared/style-change-tracker.js", 66))
TypeError: currentNode is null: canMutationImpactCurrentStyles@resource://devtools/client/inspector/shared/style-change-tracker.js:66:20
onMutations@resource://devtools/client/inspector/shared/style-change-tracker.js:84:41
_emit@resource://devtools/shared/event-emitter.js:226:34
emit@resource://devtools/shared/event-emitter.js:172:18
emit@resource://devtools/shared/event-emitter.js:324:18
getMutations@resource://devtools/client/fronts/walker.js:358:10

JavaScript error: , line 0: NetworkError: A network error occurred.
console.log: WebExtensions: reset-default-search: No addons in our list are installed.
console.error: (new TypeError("currentNode is null", "resource://devtools/client/inspector/shared/style-change-tracker.js", 66))
TypeError: currentNode is null: canMutationImpactCurrentStyles@resource://devtools/client/inspector/shared/style-change-tracker.js:66:20
onMutations@resource://devtools/client/inspector/shared/style-change-tracker.js:84:41
_emit@resource://devtools/shared/event-emitter.js:226:34
emit@resource://devtools/shared/event-emitter.js:172:18
emit@resource://devtools/shared/event-emitter.js:324:18
getMutations@resource://devtools/client/fronts/walker.js:358:10

console.error: (new TypeError("currentNode is null", "resource://devtools/client/inspector/shared/style-change-tracker.js", 66))
TypeError: currentNode is null: canMutationImpactCurrentStyles@resource://devtools/client/inspector/shared/style-change-tracker.js:66:20
onMutations@resource://devtools/client/inspector/shared/style-change-tracker.js:84:41
_emit@resource://devtools/shared/event-emitter.js:226:34
emit@resource://devtools/shared/event-emitter.js:172:18
emit@resource://devtools/shared/event-emitter.js:324:18
getMutations@resource://devtools/client/fronts/walker.js:358:10

console.log: WebExtensions: reset-default-search: No addons in our list are installed.
1618865903551	Marionette	INFO	Stopped listening on port 45579
1618865908635	Marionette	INFO	Stopped listening on port 45859
1618877281573	mozrunner::runner	INFO	Running command: "/usr/bin/firefox" "-marionette" "-foreground" "-no-remote" "-profile" "/tmp/rust_mozprofileqGo7K9"
console.warn: SearchSettings: "get: No settings file exists, new profile?" (new Error("", "(unknown module)"))
1618877307612	Marionette	INFO	Listening on port 45163
1618877307792	Marionette	WARN	TLS certificate errors will be ignored for this session

###!!! [Parent][RunMessage] Error: Channel error: cannot send/recv

1618877334368	Marionette	INFO	Stopped listening on port 45163
1618877343784	mozrunner::runner	INFO	Running command: "/usr/bin/firefox" "-marionette" "-foreground" "-no-remote" "-profile" "/tmp/rust_mozprofile9XjDoy"
console.warn: SearchSettings: "get: No settings file exists, new profile?" (new Error("", "(unknown module)"))
1618877350120	Marionette	INFO	Listening on port 43825
1618877350168	Marionette	WARN	TLS certificate errors will be ignored for this session
console.error: services.settings: 
  Message: QuotaExceededError: IndexedDB: security-state/cert-revocations importChanges() IndexedDB:  importChanges() in security-state/cert-revocations The current transaction exceeded its quota limitations.
console.error: services.settings: 
  Message: InvalidStateError: IndexedDB: blocklists/addons-bloomfilters importChanges() IndexedDB: collections, timestamps, records importChanges() in blocklists/addons-bloomfilters A mutation operation was attempted on a database that did not allow mutations.
  Stack:
    importChanges/<@resource://services-settings/Database.jsm:116:27
executeIDB/promise<@resource://services-settings/IDBHelpers.jsm:134:16
executeIDB@resource://services-settings/IDBHelpers.jsm:98:17
executeIDB@resource://services-settings/Database.jsm:366:45

console.log: "RemoteSettingsWorker error: QuotaExceededError: IndexedDB:  execute() The current transaction exceeded its quota limitations."
console.error: services.settings: 
  Message: QuotaExceededError: 1618878088837	Marionette	INFO	Stopped listening on port 43825
1618878100171	mozrunner::runner	INFO	Running command: "/usr/bin/firefox" "-marionette" "-foreground" "-no-remote" "-profile" "/tmp/rust_mozprofileypfsx7"
console.warn: SearchSettings: "get: No settings file exists, new profile?" (new Error("", "(unknown module)"))
JavaScript error: , line 0: QuotaExceededError: The current transaction exceeded its quota limitations.
console.log: "RemoteSettingsWorker error: QuotaExceededError: IndexedDB:  execute() The current transaction exceeded its quota limitations."
JavaScript error: , line 0: QuotaExceededError: The current transaction exceeded its quota limitations.
console.error: (new Error("Error(s) encountered during statement execution: database or disk is full", "resource://gre/modules/Sqlite.jsm", 893))
console.log: "RemoteSettingsWorker error: QuotaExceededError: IndexedDB:  execute() The current transaction exceeded its quota limitations."
console.log: "RemoteSettingsWorker error: QuotaExceededError: IndexedDB:  execute() The current transaction exceeded its quota limitations."
JavaScript error: resource://gre/modules/Sqlite.jsm, line 893: Error: Error(s) encountered during statement execution: database or disk is full
JavaScript error: resource://gre/modules/Sqlite.jsm, line 893: Error: Error(s) encountered during statement execution: database or disk is full
console.error: SearchEngineSelector: "Received empty search configuration!"
console.log: "RemoteSettingsWorker error: QuotaExceededError: IndexedDB:  execute() The current transaction exceeded its quota limitations."
console.log: "RemoteSettingsWorker error: QuotaExceededError: IndexedDB:  execute() The current transaction exceeded its quota limitations."
console.error: SearchEngineSelector: "Received empty search configuration!"
console.error: SearchService: "_init: failure initializing search:" 2147549183
JavaScript error: , line 0: uncaught exception: 2147549183
JavaScript error: resource://gre/modules/SearchService.jsm, line 206: NS_ERROR_UNEXPECTED: SearchService previously failed to initialize
JavaScript error: , line 0: uncaught exception: 2147549183
JavaScript error: , line 0: uncaught exception: 2147549183
JavaScript error: , line 0: uncaught exception: 2147549183
JavaScript error: resource://gre/modules/SearchService.jsm, line 1283: NS_ERROR_UNEXPECTED: SearchService initialization failed
console.log: "RemoteSettingsWorker error: QuotaExceededError: IndexedDB:  execute() The current transaction exceeded its quota limitations."
JavaScript error: , line 0: uncaught exception: 2147549183
JavaScript error: , line 0: uncaught exception: Object
console.log: "RemoteSettingsWorker error: QuotaExceededError: IndexedDB:  execute() The current transaction exceeded its quota limitations."
console.error: PushService: 
  stateChangeProcessEnqueue: Error transitioning state
  QuotaExceededError
JavaScript error: , line 0: uncaught exception: 2147549183
JavaScript error: , line 0: uncaught exception: 2147549183
[2021-04-20T00:22:02Z ERROR glean] Failed to initialize Glean: An I/O error occurred: Aucun espace disponible sur le périphérique (os error 28)
JavaScript error: , line 0: QuotaExceededError: The current transaction exceeded its quota limitations.
console.log: "RemoteSettingsWorker error: QuotaExceededError: IndexedDB:  execute() The current transaction exceeded its quota limitations."
console.error: SearchSettings: "_write: Could not write to settings file:" (new Error("cannot write without any engine.", "resource://gre/modules/SearchSettings.jsm", 223))
console.warn: SearchSettings: "get: No settings file exists, new profile?" (new Error("", "(unknown module)"))
console.error: SearchService: "maybeReloadEngines failed" (new TypeError("defaultEngine is undefined", "resource://gre/modules/SearchService.jsm", 1085))
console.error: "Could not write session state file " (new Error("", "(unknown module)")) ""
1618878123194	Marionette	INFO	Listening on port 40089
1618878123345	Marionette	WARN	TLS certificate errors will be ignored for this session
console.lo1618878296940	Marionette	INFO	Stopped listening on port 40089
1618879718886	mozrunner::runner	INFO	Running command: "/usr/bin/firefox" "-marionette" "-foreground" "-no-remote" "-profile" "/tmp/rust_mozprofile587gLo"
console.warn: SearchSettings: "get: No settings file exists, new profile?" (new Error("", "(unknown module)"))
1618879758678	Marionette	INFO	Listening on port 46809
1618879759576	Marionette	WARN	TLS certificate errors will be ignored for this session
1618879774759	Marionette	WARN	TimedPromise timed out after 500 ms: stacktrace:
TimedPromise/<@chrome://marionette/content/sync.js:231:19
TimedPromise@chrome://marionette/content/sync.js:216:10
interaction.flushEventLoop@chrome://marionette/content/interaction.js:433:10
webdriverClickElement@chrome://marionette/content/interaction.js:179:31
1618879805891	Marionette	WARN	Ignoring event 'DOMContentLoaded' because document has an invalid readyState of 'complete'.
1618879806098	Marionette	WARN	Ignoring event 'DOMContentLoaded' because document has an invalid readyState of 'complete'.
1618879806100	Marionette	WARN	TimedPromise timed out after 500 ms: stacktrace:
TimedPromise/<@chrome://marionette/content/sync.js:231:19
TimedPromise@chrome://marionette/content/sync.js:216:10
interaction.flushEventLoop@chrome://marionette/content/interaction.js:433:10
webdriverClickElement@chrome://marionette/content/interaction.js:179:31
JavaScript error: https://static.zdassets.com/web_widget/latest/vendors~lazy/web_widget~messenger.88c46634dcce586eee9e.chunk.js, line 46: Error: An error occured while selecting the store state: Permission denied to access property "HelpCenter" on cross-origin object.
The error may be correlated with this previous error:
u@https://static.zdassets.com/web_widget/latest/framework.7358ca48d43ed514ac70.chunk.js:2:11876
s/</f<@https://static.zdassets.com/web_widget/latest/vendors~lazy/web_widget.2f80a0c45270ff6aa17e.chunk.js:40:60453
i/<@https://static.zdassets.com/web_widget/latest/vendors~lazy/web_widget.2f80a0c45270ff6aa17e.chunk.js:40:59777
s/</f<@https://static.zdassets.com/web_widget/latest/vendors~lazy/web_widget.2f80a0c45270ff6aa17e.chunk.js:40:60453
i/<@https://static.zdassets.com/web_widget/latest/vendors~lazy/web_widget.2f80a0c45270ff6aa17e.chunk.js:40:59777
s/</f<@https://static.zdassets.com/web_widget/latest/vendors~lazy/web_widget.2f80a0c45270ff6aa17e.chunk.js:40:60453
i/<@https://static.zdassets.com/web_widget/latest/vendors~lazy/web_widget.2f80a0c45270ff6aa17e.chunk.js:40:59777
s/</f<@https://static.zdassets.com/web_widget/latest/vendors~lazy/web_widget.2f80a0c45270ff6aa17e.chunk.js:40:60453
i/<@https://static.zdassets.com/web_widget/latest/vendors~lazy/web_widget.2f80a0c45270ff6aa17e.chunk.js:40:59777
de@https://static.zdassets.com/web_widget/latest/lazy/web_widget.ab90333a43c801cfd35a.chunk.js:2:135863
St/s<@https://static.zdassets.com/web_widget/latest/lazy/web_widget.ab90333a43c801cfd35a.chunk.js:2:266178
e@https://static.zdassets.com/web_widget/latest/vendors~lazy/web_widget~messenger.88c46634dcce586eee9e.chunk.js:46:14769
uDfI/f</t.handleChangeWrapper@https://static.zdassets.com/web_widget/latest/vendors~lazy/web_widget~messenger.88c46634dcce586eee9e.chunk.js:46:4381
notify/<@https://static.zdassets.com/web_widget/latest/vendors~lazy/web_widget~messenger.88c46634dcce586eee9e.chunk.js:46:3816
pl@https://static.zdassets.com/web_widget/latest/vendors~lazy/web_widget~messenger.88c46634dcce586eee9e.chunk.js:54:95404
notify@https://static.zdassets.com/web_widget/latest/vendors~lazy/web_widget~messenger.88c46634dcce586eee9e.chunk.js:46:3772
uDfI/f</t.notifyNestedSubs@https://static.zdassets.com/web_widget/latest/vendors~lazy/web_widget~messenger.88c46634dcce586eee9e.chunk.js:46:4313
uDfI/d</a.notifySubscribers@https://static.zdassets.com/web_widget/latest/vendors~lazy/web_widget~messenger.88c46634dcce586eee9e.chunk.js:46:5877
uDfI/f</t.handleChangeWrapper@https://static.zdassets.com/web_widget/latest/vendors~lazy/web_widget~messenger.88c46634dcce586eee9e.chunk.js:46:4381
b@https://static.zdassets.com/web_widget/latest/vendors~lazy/web_widget~messenger.88c46634dcce586eee9e.chunk.js:10:3606
tv/</</<@https://static.zdassets.com/web_widget/latest/lazy/web_widget.ab90333a43c801cfd35a.chunk.js:2:520568
w_/</<@https://static.zdassets.com/web_widget/latest/lazy/web_widget.ab90333a43c801cfd35a.chunk.js:2:632688
aT/</<@https://static.zdassets.com/web_widget/latest/lazy/web_widget.ab90333a43c801cfd35a.chunk.js:2:640450
tv/</</<@https://static.zdassets.com/web_widget/latest/lazy/web_widget.ab90333a43c801cfd35a.chunk.js:2:520568
hT/</<@https://static.zdassets.com/web_widget/latest/lazy/web_widget.ab90333a43c801cfd35a.chunk.js:2:643683
tv/</</<@https://static.zdassets.com/web_widget/latest/lazy/web_widget.ab90333a43c801cfd35a.chunk.js:2:520568
C_/</</<@https://static.zdassets.com/web_widget/latest/lazy/web_widget.ab90333a43c801cfd35a.chunk.js:2:632980
F_/</<@https://static.zdassets.com/web_widget/latest/lazy/web_widget.ab90333a43c801cfd35a.chunk.js:2:636476
r/</</<@https://static.zdassets.com/web_widget/latest/vendors~lazy/web_widget~messenger.88c46634dcce586eee9e.chunk.js:18:42017
dispatch@https://static.zdassets.com/web_widget/latest/vendors~lazy/web_widget~messenger.88c46634dcce586eee9e.chunk.js:10:7295
q/</<@https://static.zdassets.com/web_widget/latest/lazy/web_widget.ab90333a43c801cfd35a.chunk.js:2:684320


Original stack trace:
JavaScript error: https://cookie-cdn.cookiepro.com/scripttemplates/6.4.0/otBannerSdk.js, line 7: TypeError: t is undefined
JavaScript error: https://cookie-cdn.cookiepro.com/scripttemplates/6.4.0/otBannerSdk.js, line 7: TypeError: t is undefined
JavaScript error: https://static.zdassets.com/web_widget/latest/vendors~lazy/web_widget~messenger.88c46634dcce586eee9e.chunk.js, line 46: Error: An error occured while selecting the store state: Permission denied to access property "HelpCenter" on cross-origin object.
The error may be correlated with this previous error:
u@https://static.zdassets.com/web_widget/latest/framework.7358ca48d43ed514ac70.chunk.js:2:11876
s/</f<@https://static.zdassets.com/web_widget/latest/vendors~lazy/web_widget.2f80a0c45270ff6aa17e.chunk.js:40:60453
i/<@https://static.zdassets.com/web_widget/latest/vendors~lazy/web_widget.2f80a0c45270ff6aa17e.chunk.js:40:59777
s/</f<@https://static.zdassets.com/web_widget/latest/vendors~lazy/web_widget.2f80a0c45270ff6aa17e.chunk.js:40:60453
i/<@https://static.zdassets.com/web_widget/latest/vendors~lazy/web_widget.2f80a0c45270ff6aa17e.chunk.js:40:59777
s/</f<@https://static.zdassets.com/web_widget/latest/vendors~lazy/web_widget.2f80a0c45270ff6aa17e.chunk.js:40:60453
i/<@https://static.zdassets.com/web_widget/latest/vendors~lazy/web_widget.2f80a0c45270ff6aa17e.chunk.js:40:59777
s/</f<@https://static.zdassets.com/web_widget/latest/vendors~lazy/web_widget.2f80a0c45270ff6aa17e.chunk.js:40:60453
i/<@https://static.zdassets.com/web_widget/latest/vendors~lazy/web_widget.2f80a0c45270ff6aa17e.chunk.js:40:59777
de@https://static.zdassets.com/web_widget/latest/lazy/web_widget.ab90333a43c801cfd35a.chunk.js:2:135863
St/s<@https://static.zdassets.com/web_widget/latest/lazy/web_widget.ab90333a43c801cfd35a.chunk.js:2:266178
e@https://static.zdassets.com/web_widget/latest/vendors~lazy/web_widget~messenger.88c46634dcce586eee9e.chunk.js:46:14769
uDfI/f</t.handleChangeWrapper@https://static.zdassets.com/web_widget/latest/vendors~lazy/web_widget~messenger.88c46634dcce586eee9e.chunk.js:46:4381
notify/<@https://static.zdassets.com/web_widget/latest/vendors~lazy/web_widget~messenger.88c46634dcce586eee9e.chunk.js:46:3816
pl@https://static.zdassets.com/web_widget/latest/vendors~lazy/web_widget~messenger.88c46634dcce586eee9e.chunk.js:54:95404
notify@https://static.zdassets.com/web_widget/latest/vendors~lazy/web_widget~messenger.88c46634dcce586eee9e.chunk.js:46:3772
uDfI/f</t.notifyNestedSubs@https://static.zdassets.com/web_widget/latest/vendors~lazy/web_widget~messenger.88c46634dcce586eee9e.chunk.js:46:4313
uDfI/d</a.notifySubscribers@https://static.zdassets.com/web_widget/latest/vendors~lazy/web_widget~messenger.88c46634dcce586eee9e.chunk.js:46:5877
uDfI/f</t.handleChangeWrapper@https://static.zdassets.com/web_widget/latest/vendors~lazy/web_widget~messenger.88c46634dcce586eee9e.chunk.js:46:4381
b@https://static.zdassets.com/web_widget/latest/vendors~lazy/web_widget~messenger.88c46634dcce586eee9e.chunk.js:10:3606
tv/</</<@https://static.zdassets.com/web_widget/latest/lazy/web_widget.ab90333a43c801cfd35a.chunk.js:2:520568
w_/</<@https://static.zdassets.com/web_widget/latest/lazy/web_widget.ab90333a43c801cfd35a.chunk.js:2:632688
aT/</<@https://static.zdassets.com/web_widget/latest/lazy/web_widget.ab90333a43c801cfd35a.chunk.js:2:640450
tv/</</<@https://static.zdassets.com/web_widget/latest/lazy/web_widget.ab90333a43c801cfd35a.chunk.js:2:520568
hT/</<@https://static.zdassets.com/web_widget/latest/lazy/web_widget.ab90333a43c801cfd35a.chunk.js:2:643683
tv/</</<@https://static.zdassets.com/web_widget/latest/lazy/web_widget.ab90333a43c801cfd35a.chunk.js:2:520568
C_/</</<@https://static.zdassets.com/web_widget/latest/lazy/web_widget.ab90333a43c801cfd35a.chunk.js:2:632980
F_/</<@https://static.zdassets.com/web_widget/latest/lazy/web_widget.ab90333a43c801cfd35a.chunk.js:2:636476
r/</</<@https://static.zdassets.com/web_widget/latest/vendors~lazy/web_widget~messenger.88c46634dcce586eee9e.chunk.js:18:42017
dispatch@https://static.zdassets.com/web_widget/latest/vendors~lazy/web_widget~messenger.88c46634dcce586eee9e.chunk.js:10:7295
q/</<@https://static.zdassets.com/web_widget/latest/lazy/web_widget.ab90333a43c801cfd35a.chunk.js:2:684320


Original stack trace:
JavaScript error: https://cookie-cdn.cookiepro.com/scripttemplates/6.4.0/otBannerSdk.js, line 7: TypeError: t is undefined
JavaScript error: https://static.zdassets.com/web_widget/latest/vendors~lazy/web_widget~messenger.88c46634dcce586eee9e.chunk.js, line 46: Error: An error occured while selecting the store state: Permission denied to access property "HelpCenter" on cross-origin object.
The error may be correlated with this previous error:
u@https://static.zdassets.com/web_widget/latest/framework.7358ca48d43ed514ac70.chunk.js:2:11876
s/</f<@https://static.zdassets.com/web_widget/latest/vendors~lazy/web_widget.2f80a0c45270ff6aa17e.chunk.js:40:60453
i/<@https://static.zdassets.com/web_widget/latest/vendors~lazy/web_widget.2f80a0c45270ff6aa17e.chunk.js:40:59777
s/</f<@https://static.zdassets.com/web_widget/latest/vendors~lazy/web_widget.2f80a0c45270ff6aa17e.chunk.js:40:60453
i/<@https://static.zdassets.com/web_widget/latest/vendors~lazy/web_widget.2f80a0c45270ff6aa17e.chunk.js:40:59777
s/</f<@https://static.zdassets.com/web_widget/latest/vendors~lazy/web_widget.2f80a0c45270ff6aa17e.chunk.js:40:60453
i/<@https://static.zdassets.com/web_widget/latest/vendors~lazy/web_widget.2f80a0c45270ff6aa17e.chunk.js:40:59777
s/</f<@https://static.zdassets.com/web_widget/latest/vendors~lazy/web_widget.2f80a0c45270ff6aa17e.chunk.js:40:60453
i/<@https://static.zdassets.com/web_widget/latest/vendors~lazy/web_widget.2f80a0c45270ff6aa17e.chunk.js:40:59777
de@https://static.zdassets.com/web_widget/latest/lazy/web_widget.ab90333a43c801cfd35a.chunk.js:2:135863
St/s<@https://static.zdassets.com/web_widget/latest/lazy/web_widget.ab90333a43c801cfd35a.chunk.js:2:266178
e@https://static.zdassets.com/web_widget/latest/vendors~lazy/web_widget~messenger.88c46634dcce586eee9e.chunk.js:46:14769
uDfI/f</t.handleChangeWrapper@https://static.zdassets.com/web_widget/latest/vendors~lazy/web_widget~messenger.88c46634dcce586eee9e.chunk.js:46:4381
notify/<@https://static.zdassets.com/web_widget/latest/vendors~lazy/web_widget~messenger.88c46634dcce586eee9e.chunk.js:46:3816
pl@https://static.zdassets.com/web_widget/latest/vendors~lazy/web_widget~messenger.88c46634dcce586eee9e.chunk.js:54:95404
notify@https://static.zdassets.com/web_widget/latest/vendors~lazy/web_widget~messenger.88c46634dcce586eee9e.chunk.js:46:3772
uDfI/f</t.notifyNestedSubs@https://static.zdassets.com/web_widget/latest/vendors~lazy/web_widget~messenger.88c46634dcce586eee9e.chunk.js:46:4313
uDfI/d</a.notifySubscribers@https://static.zdassets.com/web_widget/latest/vendors~lazy/web_widget~messenger.88c46634dcce586eee9e.chunk.js:46:5877
uDfI/f</t.handleChangeWrapper@https://static.zdassets.com/web_widget/latest/vendors~lazy/web_widget~messenger.88c46634dcce586eee9e.chunk.js:46:4381
b@https://static.zdassets.com/web_widget/latest/vendors~lazy/web_widget~messenger.88c46634dcce586eee9e.chunk.js:10:3606
tv/</</<@https://static.zdassets.com/web_widget/latest/lazy/web_widget.ab90333a43c801cfd35a.chunk.js:2:520568
w_/</<@https://static.zdassets.com/web_widget/latest/lazy/web_widget.ab90333a43c801cfd35a.chunk.js:2:632688
aT/</<@https://static.zdassets.com/web_widget/latest/lazy/web_widget.ab90333a43c801cfd35a.chunk.js:2:640450
tv/</</<@https://static.zdassets.com/web_widget/latest/lazy/web_widget.ab90333a43c801cfd35a.chunk.js:2:520568
hT/</<@https://static.zdassets.com/web_widget/latest/lazy/web_widget.ab90333a43c801cfd35a.chunk.js:2:643683
tv/</</<@https://static.zdassets.com/web_widget/latest/lazy/web_widget.ab90333a43c801cfd35a.chunk.js:2:520568
C_/</</<@https://static.zdassets.com/web_widget/latest/lazy/web_widget.ab90333a43c801cfd35a.chunk.js:2:632980
F_/</<@https://static.zdassets.com/web_widget/latest/lazy/web_widget.ab90333a43c801cfd35a.chunk.js:2:636476
r/</</<@https://static.zdassets.com/web_widget/latest/vendors~lazy/web_widget~messenger.88c46634dcce586eee9e.chunk.js:18:42017
dispatch@https://static.zdassets.com/web_widget/latest/vendors~lazy/web_widget~messenger.88c46634dcce586eee9e.chunk.js:10:7295
q/</<@https://static.zdassets.com/web_widget/latest/lazy/web_widget.ab90333a43c801cfd35a.chunk.js:2:684320


Original stack trace:
JavaScript error: https://static.zdassets.com/web_widget/latest/vendors~lazy/web_widget~messenger.88c46634dcce586eee9e.chunk.js, line 46: Error: An error occured while selecting the store state: Permission denied to access property "HelpCenter" on cross-origin object.
The error may be correlated with this previous error:
u@https://static.zdassets.com/web_widget/latest/framework.7358ca48d43ed514ac70.chunk.js:2:11876
s/</f<@https://static.zdassets.com/web_widget/latest/vendors~lazy/web_widget.2f80a0c45270ff6aa17e.chunk.js:40:60453
i/<@https://static.zdassets.com/web_widget/latest/vendors~lazy/web_widget.2f80a0c45270ff6aa17e.chunk.js:40:59777
s/</f<@https://static.zdassets.com/web_widget/latest/vendors~lazy/web_widget.2f80a0c45270ff6aa17e.chunk.js:40:60453
i/<@https://static.zdassets.com/web_widget/latest/vendors~lazy/web_widget.2f80a0c45270ff6aa17e.chunk.js:40:59777
s/</f<@https://static.zdassets.com/web_widget/latest/vendors~lazy/web_widget.2f80a0c45270ff6aa17e.chunk.js:40:60453
i/<@https://static.zdassets.com/web_widget/latest/vendors~lazy/web_widget.2f80a0c45270ff6aa17e.chunk.js:40:59777
s/</f<@https://static.zdassets.com/web_widget/latest/vendors~lazy/web_widget.2f80a0c45270ff6aa17e.chunk.js:40:60453
i/<@https://static.zdassets.com/web_widget/latest/vendors~lazy/web_widget.2f80a0c45270ff6aa17e.chunk.js:40:59777
de@https://static.zdassets.com/web_widget/latest/lazy/web_widget.ab90333a43c801cfd35a.chunk.js:2:135863
St/s<@https://static.zdassets.com/web_widget/latest/lazy/web_widget.ab90333a43c801cfd35a.chunk.js:2:266178
e@https://static.zdassets.com/web_widget/latest/vendors~lazy/web_widget~messenger.88c46634dcce586eee9e.chunk.js:46:14769
uDfI/f</t.handleChangeWrapper@https://static.zdassets.com/web_widget/latest/vendors~lazy/web_widget~messenger.88c46634dcce586eee9e.chunk.js:46:4381
notify/<@https://static.zdassets.com/web_widget/latest/vendors~lazy/web_widget~messenger.88c46634dcce586eee9e.chunk.js:46:3816
pl@https://static.zdassets.com/web_widget/latest/vendors~lazy/web_widget~messenger.88c46634dcce586eee9e.chunk.js:54:95404
notify@https://static.zdassets.com/web_widget/latest/vendors~lazy/web_widget~messenger.88c46634dcce586eee9e.chunk.js:46:3772
uDfI/f</t.notifyNestedSubs@https://static.zdassets.com/web_widget/latest/vendors~lazy/web_widget~messenger.88c46634dcce586eee9e.chunk.js:46:4313
uDfI/d</a.notifySubscribers@https://static.zdassets.com/web_widget/latest/vendors~lazy/web_widget~messenger.88c46634dcce586eee9e.chunk.js:46:5877
uDfI/f</t.handleChangeWrapper@https://static.zdassets.com/web_widget/latest/vendors~lazy/web_widget~messenger.88c46634dcce586eee9e.chunk.js:46:4381
b@https://static.zdassets.com/web_widget/latest/vendors~lazy/web_widget~messenger.88c46634dcce586eee9e.chunk.js:10:3606
tv/</</<@https://static.zdassets.com/web_widget/latest/lazy/web_widget.ab90333a43c801cfd35a.chunk.js:2:520568
w_/</<@https://static.zdassets.com/web_widget/latest/lazy/web_widget.ab90333a43c801cfd35a.chunk.js:2:632688
aT/</<@https://static.zdassets.com/web_widget/latest/lazy/web_widget.ab90333a43c801cfd35a.chunk.js:2:640450
tv/</</<@https://static.zdassets.com/web_widget/latest/lazy/web_widget.ab90333a43c801cfd35a.chunk.js:2:520568
hT/</<@https://static.zdassets.com/web_widget/latest/lazy/web_widget.ab90333a43c801cfd35a.chunk.js:2:643683
tv/</</<@https://static.zdassets.com/web_widget/latest/lazy/web_widget.ab90333a43c801cfd35a.chunk.js:2:520568
C_/</</<@https://static.zdassets.com/web_widget/latest/lazy/web_widget.ab90333a43c801cfd35a.chunk.js:2:632980
F_/</<@https://static.zdassets.com/web_widget/latest/lazy/web_widget.ab90333a43c801cfd35a.chunk.js:2:636476
r/</</<@https://static.zdassets.com/web_widget/latest/vendors~lazy/web_widget~messenger.88c46634dcce586eee9e.chunk.js:18:42017
dispatch@https://static.zdassets.com/web_widget/latest/vendors~lazy/web_widget~messenger.88c46634dcce586eee9e.chunk.js:10:7295
q/</<@https://static.zdassets.com/web_widget/latest/lazy/web_widget.ab90333a43c801cfd35a.chunk.js:2:684320


Original stack trace:
JavaScript error: https://cookie-cdn.cookiepro.com/scripttemplates/6.4.0/otBannerSdk.js, line 7: TypeError: Ge.preferenceCenterGroup is undefined
JavaScript error: https://cookie-cdn.cookiepro.com/scripttemplates/6.4.0/otBannerSdk.js, line 7: TypeError: t is undefined
JavaScript error: https://static.zdassets.com/web_widget/latest/vendors~lazy/web_widget~messenger.88c46634dcce586eee9e.chunk.js, line 46: Error: An error occured while selecting the store state: Permission denied to access property "HelpCenter" on cross-origin object.
The error may be correlated with this previous error:
u@https://static.zdassets.com/web_widget/latest/framework.7358ca48d43ed514ac70.chunk.js:2:11876
s/</f<@https://static.zdassets.com/web_widget/latest/vendors~lazy/web_widget.2f80a0c45270ff6aa17e.chunk.js:40:60453
i/<@https://static.zdassets.com/web_widget/latest/vendors~lazy/web_widget.2f80a0c45270ff6aa17e.chunk.js:40:59777
s/</f<@https://static.zdassets.com/web_widget/latest/vendors~lazy/web_widget.2f80a0c45270ff6aa17e.chunk.js:40:60453
i/<@https://static.zdassets.com/web_widget/latest/vendors~lazy/web_widget.2f80a0c45270ff6aa17e.chunk.js:40:59777
s/</f<@https://static.zdassets.com/web_widget/latest/vendors~lazy/web_widget.2f80a0c45270ff6aa17e.chunk.js:40:60453
i/<@https://static.zdassets.com/web_widget/latest/vendors~lazy/web_widget.2f80a0c45270ff6aa17e.chunk.js:40:59777
s/</f<@https://static.zdassets.com/web_widget/latest/vendors~lazy/web_widget.2f80a0c45270ff6aa17e.chunk.js:40:60453
i/<@https://static.zdassets.com/web_widget/latest/vendors~lazy/web_widget.2f80a0c45270ff6aa17e.chunk.js:40:59777
de@https://static.zdassets.com/web_widget/latest/lazy/web_widget.ab90333a43c801cfd35a.chunk.js:2:135863
St/s<@https://static.zdassets.com/web_widget/latest/lazy/web_widget.ab90333a43c801cfd35a.chunk.js:2:266178
e@https://static.zdassets.com/web_widget/latest/vendors~lazy/web_widget~messenger.88c46634dcce586eee9e.chunk.js:46:14769
uDfI/f</t.handleChangeWrapper@https://static.zdassets.com/web_widget/latest/vendors~lazy/web_widget~messenger.88c46634dcce586eee9e.chunk.js:46:4381
notify/<@https://static.zdassets.com/web_widget/latest/vendors~lazy/web_widget~messenger.88c46634dcce586eee9e.chunk.js:46:3816
pl@https://static.zdassets.com/web_widget/latest/vendors~lazy/web_widget~messenger.88c46634dcce586eee9e.chunk.js:54:95404
notify@https://static.zdassets.com/web_widget/latest/vendors~lazy/web_widget~messenger.88c46634dcce586eee9e.chunk.js:46:3772
uDfI/f</t.notifyNestedSubs@https://static.zdassets.com/web_widget/latest/vendors~lazy/web_widget~messenger.88c46634dcce586eee9e.chunk.js:46:4313
uDfI/d</a.notifySubscribers@https://static.zdassets.com/web_widget/latest/vendors~lazy/web_widget~messenger.88c46634dcce586eee9e.chunk.js:46:5877
uDfI/f</t.handleChangeWrapper@https://static.zdassets.com/web_widget/latest/vendors~lazy/web_widget~messenger.88c46634dcce586eee9e.chunk.js:46:4381
b@https://static.zdassets.com/web_widget/latest/vendors~lazy/web_widget~messenger.88c46634dcce586eee9e.chunk.js:10:3606
tv/</</<@https://static.zdassets.com/web_widget/latest/lazy/web_widget.ab90333a43c801cfd35a.chunk.js:2:520568
w_/</<@https://static.zdassets.com/web_widget/latest/lazy/web_widget.ab90333a43c801cfd35a.chunk.js:2:632688
aT/</<@https://static.zdassets.com/web_widget/latest/lazy/web_widget.ab90333a43c801cfd35a.chunk.js:2:640450
tv/</</<@https://static.zdassets.com/web_widget/latest/lazy/web_widget.ab90333a43c801cfd35a.chunk.js:2:520568
hT/</<@https://static.zdassets.com/web_widget/latest/lazy/web_widget.ab90333a43c801cfd35a.chunk.js:2:643683
tv/</</<@https://static.zdassets.com/web_widget/latest/lazy/web_widget.ab90333a43c801cfd35a.chunk.js:2:520568
C_/</</<@https://static.zdassets.com/web_widget/latest/lazy/web_widget.ab90333a43c801cfd35a.chunk.js:2:632980
F_/</<@https://static.zdassets.com/web_widget/latest/lazy/web_widget.ab90333a43c801cfd35a.chunk.js:2:636476
r/</</<@https://static.zdassets.com/web_widget/latest/vendors~lazy/web_widget~messenger.88c46634dcce586eee9e.chunk.js:18:42017
dispatch@https://static.zdassets.com/web_widget/latest/vendors~lazy/web_widget~messenger.88c46634dcce586eee9e.chunk.js:10:7295
q/</<@https://static.zdassets.com/web_widget/latest/lazy/web_widget.ab90333a43c801cfd35a.chunk.js:2:684320


Original stack trace:
JavaScript error: https://static.zdassets.com/web_widget/latest/vendors~lazy/web_widget~messenger.88c46634dcce586eee9e.chunk.js, line 46: Error: An error occured while selecting the store state: Permission denied to access property "HelpCenter" on cross-origin object.
The error may be correlated with this previous error:
u@https://static.zdassets.com/web_widget/latest/framework.7358ca48d43ed514ac70.chunk.js:2:11876
s/</f<@https://static.zdassets.com/web_widget/latest/vendors~lazy/web_widget.2f80a0c45270ff6aa17e.chunk.js:40:60453
i/<@https://static.zdassets.com/web_widget/latest/vendors~lazy/web_widget.2f80a0c45270ff6aa17e.chunk.js:40:59777
s/</f<@https://static.zdassets.com/web_widget/latest/vendors~lazy/web_widget.2f80a0c45270ff6aa17e.chunk.js:40:60453
i/<@https://static.zdassets.com/web_widget/latest/vendors~lazy/web_widget.2f80a0c45270ff6aa17e.chunk.js:40:59777
s/</f<@https://static.zdassets.com/web_widget/latest/vendors~lazy/web_widget.2f80a0c45270ff6aa17e.chunk.js:40:60453
i/<@https://static.zdassets.com/web_widget/latest/vendors~lazy/web_widget.2f80a0c45270ff6aa17e.chunk.js:40:59777
s/</f<@https://static.zdassets.com/web_widget/latest/vendors~lazy/web_widget.2f80a0c45270ff6aa17e.chunk.js:40:60453
i/<@https://static.zdassets.com/web_widget/latest/vendors~lazy/web_widget.2f80a0c45270ff6aa17e.chunk.js:40:59777
de@https://static.zdassets.com/web_widget/latest/lazy/web_widget.ab90333a43c801cfd35a.chunk.js:2:135863
St/s<@https://static.zdassets.com/web_widget/latest/lazy/web_widget.ab90333a43c801cfd35a.chunk.js:2:266178
e@https://static.zdassets.com/web_widget/latest/vendors~lazy/web_widget~messenger.88c46634dcce586eee9e.chunk.js:46:14769
uDfI/f</t.handleChangeWrapper@https://static.zdassets.com/web_widget/latest/vendors~lazy/web_widget~messenger.88c46634dcce586eee9e.chunk.js:46:4381
notify/<@https://static.zdassets.com/web_widget/latest/vendors~lazy/web_widget~messenger.88c46634dcce586eee9e.chunk.js:46:3816
pl@https://static.zdassets.com/web_widget/latest/vendors~lazy/web_widget~messenger.88c46634dcce586eee9e.chunk.js:54:95404
notify@https://static.zdassets.com/web_widget/latest/vendors~lazy/web_widget~messenger.88c46634dcce586eee9e.chunk.js:46:3772
uDfI/f</t.notifyNestedSubs@https://static.zdassets.com/web_widget/latest/vendors~lazy/web_widget~messenger.88c46634dcce586eee9e.chunk.js:46:4313
uDfI/d</a.notifySubscribers@https://static.zdassets.com/web_widget/latest/vendors~lazy/web_widget~messenger.88c46634dcce586eee9e.chunk.js:46:5877
uDfI/f</t.handleChangeWrapper@https://static.zdassets.com/web_widget/latest/vendors~lazy/web_widget~messenger.88c46634dcce586eee9e.chunk.js:46:4381
b@https://static.zdassets.com/web_widget/latest/vendors~lazy/web_widget~messenger.88c46634dcce586eee9e.chunk.js:10:3606
tv/</</<@https://static.zdassets.com/web_widget/latest/lazy/web_widget.ab90333a43c801cfd35a.chunk.js:2:520568
w_/</<@https://static.zdassets.com/web_widget/latest/lazy/web_widget.ab90333a43c801cfd35a.chunk.js:2:632688
aT/</<@https://static.zdassets.com/web_widget/latest/lazy/web_widget.ab90333a43c801cfd35a.chunk.js:2:640450
tv/</</<@https://static.zdassets.com/web_widget/latest/lazy/web_widget.ab90333a43c801cfd35a.chunk.js:2:520568
hT/</<@https://static.zdassets.com/web_widget/latest/lazy/web_widget.ab90333a43c801cfd35a.chunk.js:2:643683
tv/</</<@https://static.zdassets.com/web_widget/latest/lazy/web_widget.ab90333a43c801cfd35a.chunk.js:2:520568
C_/</</<@https://static.zdassets.com/web_widget/latest/lazy/web_widget.ab90333a43c801cfd35a.chunk.js:2:632980
F_/</<@https://static.zdassets.com/web_widget/latest/lazy/web_widget.ab90333a43c801cfd35a.chunk.js:2:636476
r/</</<@https://static.zdassets.com/web_widget/latest/vendors~lazy/web_widget~messenger.88c46634dcce586eee9e.chunk.js:18:42017
dispatch@https://static.zdassets.com/web_widget/latest/vendors~lazy/web_widget~messenger.88c46634dcce586eee9e.chunk.js:10:7295
q/</<@https://static.zdassets.com/web_widget/latest/lazy/web_widget.ab90333a43c801cfd35a.chunk.js:2:684320


Original stack trace:
JavaScript error: https://static.zdassets.com/web_widget/latest/vendors~lazy/web_widget~messenger.88c46634dcce586eee9e.chunk.js, line 46: Error: An error occured while selecting the store state: Permission denied to access property "HelpCenter" on cross-origin object.
The error may be correlated with this previous error:
u@https://static.zdassets.com/web_widget/latest/framework.7358ca48d43ed514ac70.chunk.js:2:11876
s/</f<@https://static.zdassets.com/web_widget/latest/vendors~lazy/web_widget.2f80a0c45270ff6aa17e.chunk.js:40:60453
i/<@https://static.zdassets.com/web_widget/latest/vendors~lazy/web_widget.2f80a0c45270ff6aa17e.chunk.js:40:59777
s/</f<@https://static.zdassets.com/web_widget/latest/vendors~lazy/web_widget.2f80a0c45270ff6aa17e.chunk.js:40:60453
i/<@https://static.zdassets.com/web_widget/latest/vendors~lazy/web_widget.2f80a0c45270ff6aa17e.chunk.js:40:59777
s/</f<@https://static.zdassets.com/web_widget/latest/vendors~lazy/web_widget.2f80a0c45270ff6aa17e.chunk.js:40:60453
i/<@https://static.zdassets.com/web_widget/latest/vendors~lazy/web_widget.2f80a0c45270ff6aa17e.chunk.js:40:59777
s/</f<@https://static.zdassets.com/web_widget/latest/vendors~lazy/web_widget.2f80a0c45270ff6aa17e.chunk.js:40:60453
i/<@https://static.zdassets.com/web_widget/latest/vendors~lazy/web_widget.2f80a0c45270ff6aa17e.chunk.js:40:59777
de@https://static.zdassets.com/web_widget/latest/lazy/web_widget.ab90333a43c801cfd35a.chunk.js:2:135863
St/s<@https://static.zdassets.com/web_widget/latest/lazy/web_widget.ab90333a43c801cfd35a.chunk.js:2:266178
e@https://static.zdassets.com/web_widget/latest/vendors~lazy/web_widget~messenger.88c46634dcce586eee9e.chunk.js:46:14769
uDfI/f</t.handleChangeWrapper@https://static.zdassets.com/web_widget/latest/vendors~lazy/web_widget~messenger.88c46634dcce586eee9e.chunk.js:46:4381
notify/<@https://static.zdassets.com/web_widget/latest/vendors~lazy/web_widget~messenger.88c46634dcce586eee9e.chunk.js:46:3816
pl@https://static.zdassets.com/web_widget/latest/vendors~lazy/web_widget~messenger.88c46634dcce586eee9e.chunk.js:54:95404
notify@https://static.zdassets.com/web_widget/latest/vendors~lazy/web_widget~messenger.88c46634dcce586eee9e.chunk.js:46:3772
uDfI/f</t.notifyNestedSubs@https://static.zdassets.com/web_widget/latest/vendors~lazy/web_widget~messenger.88c46634dcce586eee9e.chunk.js:46:4313
uDfI/d</a.notifySubscribers@https://static.zdassets.com/web_widget/latest/vendors~lazy/web_widget~messenger.88c46634dcce586eee9e.chunk.js:46:5877
uDfI/f</t.handleChangeWrapper@https://static.zdassets.com/web_widget/latest/vendors~lazy/web_widget~messenger.88c46634dcce586eee9e.chunk.js:46:4381
b@https://static.zdassets.com/web_widget/latest/vendors~lazy/web_widget~messenger.88c46634dcce586eee9e.chunk.js:10:3606
tv/</</<@https://static.zdassets.com/web_widget/latest/lazy/web_widget.ab90333a43c801cfd35a.chunk.js:2:520568
w_/</<@https://static.zdassets.com/web_widget/latest/lazy/web_widget.ab90333a43c801cfd35a.chunk.js:2:632688
aT/</<@https://static.zdassets.com/web_widget/latest/lazy/web_widget.ab90333a43c801cfd35a.chunk.js:2:640450
tv/</</<@https://static.zdassets.com/web_widget/latest/lazy/web_widget.ab90333a43c801cfd35a.chunk.js:2:520568
hT/</<@https://static.zdassets.com/web_widget/latest/lazy/web_widget.ab90333a43c801cfd35a.chunk.js:2:643683
tv/</</<@https://static.zdassets.com/web_widget/latest/lazy/web_widget.ab90333a43c801cfd35a.chunk.js:2:520568
C_/</</<@https://static.zdassets.com/web_widget/latest/lazy/web_widget.ab90333a43c801cfd35a.chunk.js:2:632980
F_/</<@https://static.zdassets.com/web_widget/latest/lazy/web_widget.ab90333a43c801cfd35a.chunk.js:2:636476
r/</</<@https://static.zdassets.com/web_widget/latest/vendors~lazy/web_widget~messenger.88c46634dcce586eee9e.chunk.js:18:42017
dispatch@https://static.zdassets.com/web_widget/latest/vendors~lazy/web_widget~messenger.88c46634dcce586eee9e.chunk.js:10:7295
q/</<@https://static.zdassets.com/web_widget/latest/lazy/web_widget.ab90333a43c801cfd35a.chunk.js:2:684320


Original stack trace:
console.log: WebExtensions: reset-default-search: No addons in our list are installed.
JavaScript error: https://cookie-cdn.cookiepro.com/scripttemplates/6.4.0/otBannerSdk.js, line 7: TypeError: t is undefined
JavaScript error: https://cookie-cdn.cookiepro.com/scripttemplates/6.4.0/otBannerSdk.js, line 7: TypeError: t is undefined
JavaScript error: https://cookie-cdn.cookiepro.com/scripttemplates/6.4.0/otBannerSdk.js, line 7: TypeError: t is undefined
console.error: (new Error("SessionFile is closed", "resource:///modules/sessionstore/SessionFile.jsm", 433))
1618881236021	Marionette	INFO	Stopped listening on port 46809
1618890800445	mozrunner::runner	INFO	Running command: "/usr/bin/firefox" "-marionette" "-foreground" "-no-remote" "-profile" "/tmp/rust_mozprofileSPvmmB"
console.warn: SearchSettings: "get: No settings file exists, new profile?" (new Error("", "(unknown module)"))
1618890824547	Marionette	INFO	Listening on port 41321
1618890824827	Marionette	WARN	TLS certificate errors will be ignored for this session
JavaScript error: https://cookie-cdn.cookiepro.com/scripttemplates/6.4.0/otBannerSdk.js, line 7: TypeError: t is undefined
1618890953879	Marionette	WARN	TimedPromise timed out after 500 ms: stacktrace:
TimedPromise/<@chrome://marionette/content/sync.js:231:19
TimedPromise@chrome://marionette/content/sync.js:216:10
interaction.flushEventLoop@chrome://marionette/content/interaction.js:433:10
webdriverClickElement@chrome://marionette/content/interaction.js:179:31
1618890954640	Marionette	WARN	TimedPromise timed out after 500 ms: stacktrace:
TimedPromise/<@chrome://marionette/content/sync.js:231:19
TimedPromise@chrome://marionette/content/sync.js:216:10
interaction.flushEventLoop@chrome://marionette/content/interaction.js:433:10
webdriverClickElement@chrome://marionette/content/interaction.js:179:31
JavaScript error: https://static.zdassets.com/web_widget/latest/vendors~lazy/web_widget~messenger.88c46634dcce586eee9e.chunk.js, line 46: Error: An error occured while selecting the store state: Permission denied to access property "HelpCenter" on cross-origin object.
The error may be correlated with this previous error:
u@https://static.zdassets.com/web_widget/latest/framework.7358ca48d43ed514ac70.chunk.js:2:11876
s/</f<@https://static.zdassets.com/web_widget/latest/vendors~lazy/web_widget.2f80a0c45270ff6aa17e.chunk.js:40:60453
i/<@https://static.zdassets.com/web_widget/latest/vendors~lazy/web_widget.2f80a0c45270ff6aa17e.chunk.js:40:59777
s/</f<@https://static.zdassets.com/web_widget/latest/vendors~lazy/web_widget.2f80a0c45270ff6aa17e.chunk.js:40:60453
i/<@https://static.zdassets.com/web_widget/latest/vendors~lazy/web_widget.2f80a0c45270ff6aa17e.chunk.js:40:59777
s/</f<@https://static.zdassets.com/web_widget/latest/vendors~lazy/web_widget.2f80a0c45270ff6aa17e.chunk.js:40:60453
i/<@https://static.zdassets.com/web_widget/latest/vendors~lazy/web_widget.2f80a0c45270ff6aa17e.chunk.js:40:59777
s/</f<@https://static.zdassets.com/web_widget/latest/vendors~lazy/web_widget.2f80a0c45270ff6aa17e.chunk.js:40:60453
i/<@https://static.zdassets.com/web_widget/latest/vendors~lazy/web_widget.2f80a0c45270ff6aa17e.chunk.js:40:59777
de@https://static.zdassets.com/web_widget/latest/lazy/web_widget.ab90333a43c801cfd35a.chunk.js:2:135863
St/s<@https://static.zdassets.com/web_widget/latest/lazy/web_widget.ab90333a43c801cfd35a.chunk.js:2:266178
e@https://static.zdassets.com/web_widget/latest/vendors~lazy/web_widget~messenger.88c46634dcce586eee9e.chunk.js:46:14769
uDfI/f</t.handleChangeWrapper@https://static.zdassets.com/web_widget/latest/vendors~lazy/web_widget~messenger.88c46634dcce586eee9e.chunk.js:46:4381
notify/<@https://static.zdassets.com/web_widget/latest/vendors~lazy/web_widget~messenger.88c46634dcce586eee9e.chunk.js:46:3816
pl@https://static.zdassets.com/web_widget/latest/vendors~lazy/web_widget~messenger.88c46634dcce586eee9e.chunk.js:54:95404
notify@https://static.zdassets.com/web_widget/latest/vendors~lazy/web_widget~messenger.88c46634dcce586eee9e.chunk.js:46:3772
uDfI/f</t.notifyNestedSubs@https://static.zdassets.com/web_widget/latest/vendors~lazy/web_widget~messenger.88c46634dcce586eee9e.chunk.js:46:4313
uDfI/d</a.notifySubscribers@https://static.zdassets.com/web_widget/latest/vendors~lazy/web_widget~messenger.88c46634dcce586eee9e.chunk.js:46:5877
uDfI/f</t.handleChangeWrapper@https://static.zdassets.com/web_widget/latest/vendors~lazy/web_widget~messenger.88c46634dcce586eee9e.chunk.js:46:4381
b@https://static.zdassets.com/web_widget/latest/vendors~lazy/web_widget~messenger.88c46634dcce586eee9e.chunk.js:10:3606
tv/</</<@https://static.zdassets.com/web_widget/latest/lazy/web_widget.ab90333a43c801cfd35a.chunk.js:2:520568
w_/</<@https://static.zdassets.com/web_widget/latest/lazy/web_widget.ab90333a43c801cfd35a.chunk.js:2:632688
aT/</<@https://static.zdassets.com/web_widget/latest/lazy/web_widget.ab90333a43c801cfd35a.chunk.js:2:640450
tv/</</<@https://static.zdassets.com/web_widget/latest/lazy/web_widget.ab90333a43c801cfd35a.chunk.js:2:520568
hT/</<@https://static.zdassets.com/web_widget/latest/lazy/web_widget.ab90333a43c801cfd35a.chunk.js:2:643683
tv/</</<@https://static.zdassets.com/web_widget/latest/lazy/web_widget.ab90333a43c801cfd35a.chunk.js:2:520568
C_/</</<@https://static.zdassets.com/web_widget/latest/lazy/web_widget.ab90333a43c801cfd35a.chunk.js:2:632980
F_/</<@https://static.zdassets.com/web_widget/latest/lazy/web_widget.ab90333a43c801cfd35a.chunk.js:2:636476
r/</</<@https://static.zdassets.com/web_widget/latest/vendors~lazy/web_widget~messenger.88c46634dcce586eee9e.chunk.js:18:42017
dispatch@https://static.zdassets.com/web_widget/latest/vendors~lazy/web_widget~messenger.88c46634dcce586eee9e.chunk.js:10:7295
q/</<@https://static.zdassets.com/web_widget/latest/lazy/web_widget.ab90333a43c801cfd35a.chunk.js:2:684320


Original stack trace:
1618890962502	Marionette	WARN	TimedPromise timed out after 500 ms: stacktrace:
TimedPromise/<@chrome://marionette/content/sync.js:231:19
TimedPromise@chrome://marionette/content/sync.js:216:10
interaction.flushEventLoop@chrome://marionette/content/interaction.js:433:10
webdriverClickElement@chrome://marionette/content/interaction.js:179:31
1618890965459	Marionette	WARN	TimedPromise timed out after 500 ms: stacktrace:
TimedPromise/<@chrome://marionette/content/sync.js:231:19
TimedPromise@chrome://marionette/content/sync.js:216:10
interaction.flushEventLoop@chrome://marionette/content/interaction.js:433:10
webdriverClickElement@chrome://marionette/content/interaction.js:179:31
1618890970131	Marionette	INFO	Stopped listening on port 41321
1618891352526	mozrunner::runner	INFO	Running command: "/usr/bin/firefox" "-marionette" "-foreground" "-no-remote" "-profile" "/tmp/rust_mozprofileI1dxS1"
console.warn: SearchSettings: "get: No settings file exists, new profile?" (new Error("", "(unknown module)"))
1618891359495	Marionette	INFO	Listening on port 32901
1618891359663	Marionette	WARN	TLS certificate errors will be ignored for this session
JavaScript error: https://www.googletagmanager.com/gtm.js?id=GTM-KQVCVSZ, line 1702: uncaught exception: [object Object]

###!!! [Child][RunMessage] Error: Channel closing: too late to send/recv, messages will be lost


###!!! [Child][RunMessage] Error: Channel closing: too late to send/recv, messages will be lost


###!!! [Child][RunMessage] Error: Channel closing: too late to send/recv, messages will be lost


###!!! [Child][RunMessage] Error: Channel closing: too late to send/recv, messages will be lost


###!!! [Child][RunMessage] Error: Channel closing: too late to send/recv, messages will be lost


###!!! [Child][RunMessage] Error: Channel closing: too late to send/recv, messages will be lost


###!!! [Child][RunMessage] Error: Channel closing: too late to send/recv, messages will be lost


###!!! [Child][RunMessage] Error: Channel closing: too late to send/recv, messages will be lost


###!!! [Child][RunMessage] Error: Channel closing: too late to send/recv, messages will be lost


###!!! [Child][RunMessage] Error: Channel closing: too late to send/recv, messages will be lost


###!!! [Child][RunMessage] Error: Channel closing: too late to send/recv, messages will be lost


###!!! [Child][RunMessage] Error: Channel closing: too late to send/recv, messages will be lost


###!!! [Child][RunMessage] Error: Channel closing: too late to send/recv, messages will be lost


###!!! [Child][RunMessage] Error: Channel closing: too late to send/recv, messages will be lost


###!!! [Child][RunMessage] Error: Channel closing: too late to send/recv, messages will be lost


###!!! [Child][RunMessage] Error: Channel closing: too late to send/recv, messages will be lost


###!!! [Child][RunMessage] Error: Channel closing: too late to send/recv, messages will be lost


###!!! [Child][RunMessage] Error: Channel closing: too late to send/recv, messages will be lost


###!!! [Child][RunMessage] Error: Channel closing: too late to send/recv, messages will be lost


###!!! [Child][RunMessage] Error: Channel closing: too late to send/recv, messages will be lost

1618891423326	Marionette	INFO	Stopped listening on port 32901
1618891470746	mozrunner::runner	INFO	Running command: "/usr/bin/firefox" "-marionette" "-foreground" "-no-remote" "-profile" "/tmp/rust_mozprofileyH3Unz"
console.warn: SearchSettings: "get: No settings file exists, new profile?" (new Error("", "(unknown module)"))
1618891485978	Marionette	INFO	Listening on port 41433
1618891486035	Marionette	WARN	TLS certificate errors will be ignored for this session
JavaScript error: https://cookie-cdn.cookiepro.com/scripttemplates/6.4.0/otBannerSdk.js, line 7: TypeError: Ge.preferenceCenterGroup is undefined
JavaScript error: https://static.zdassets.com/web_widget/latest/vendors~lazy/web_widget~messenger.88c46634dcce586eee9e.chunk.js, line 46: Error: An error occured while selecting the store state: Permission denied to access property "HelpCenter" on cross-origin object.
The error may be correlated with this previous error:
u@https://static.zdassets.com/web_widget/latest/framework.7358ca48d43ed514ac70.chunk.js:2:11876
s/</f<@https://static.zdassets.com/web_widget/latest/vendors~lazy/web_widget.2f80a0c45270ff6aa17e.chunk.js:40:60453
i/<@https://static.zdassets.com/web_widget/latest/vendors~lazy/web_widget.2f80a0c45270ff6aa17e.chunk.js:40:59777
s/</f<@https://static.zdassets.com/web_widget/latest/vendors~lazy/web_widget.2f80a0c45270ff6aa17e.chunk.js:40:60453
i/<@https://static.zdassets.com/web_widget/latest/vendors~lazy/web_widget.2f80a0c45270ff6aa17e.chunk.js:40:59777
s/</f<@https://static.zdassets.com/web_widget/latest/vendors~lazy/web_widget.2f80a0c45270ff6aa17e.chunk.js:40:60453
i/<@https://static.zdassets.com/web_widget/latest/vendors~lazy/web_widget.2f80a0c45270ff6aa17e.chunk.js:40:59777
s/</f<@https://static.zdassets.com/web_widget/latest/vendors~lazy/web_widget.2f80a0c45270ff6aa17e.chunk.js:40:60453
i/<@https://static.zdassets.com/web_widget/latest/vendors~lazy/web_widget.2f80a0c45270ff6aa17e.chunk.js:40:59777
de@https://static.zdassets.com/web_widget/latest/lazy/web_widget.ab90333a43c801cfd35a.chunk.js:2:135863
St/s<@https://static.zdassets.com/web_widget/latest/lazy/web_widget.ab90333a43c801cfd35a.chunk.js:2:266178
e@https://static.zdassets.com/web_widget/latest/vendors~lazy/web_widget~messenger.88c46634dcce586eee9e.chunk.js:46:14769
uDfI/f</t.handleChangeWrapper@https://static.zdassets.com/web_widget/latest/vendors~lazy/web_widget~messenger.88c46634dcce586eee9e.chunk.js:46:4381
notify/<@https://static.zdassets.com/web_widget/latest/vendors~lazy/web_widget~messenger.88c46634dcce586eee9e.chunk.js:46:3816
pl@https://static.zdassets.com/web_widget/latest/vendors~lazy/web_widget~messenger.88c46634dcce586eee9e.chunk.js:54:95404
notify@https://static.zdassets.com/web_widget/latest/vendors~lazy/web_widget~messenger.88c46634dcce586eee9e.chunk.js:46:3772
uDfI/f</t.notifyNestedSubs@https://static.zdassets.com/web_widget/latest/vendors~lazy/web_widget~messenger.88c46634dcce586eee9e.chunk.js:46:4313
uDfI/d</a.notifySubscribers@https://static.zdassets.com/web_widget/latest/vendors~lazy/web_widget~messenger.88c46634dcce586eee9e.chunk.js:46:5877
uDfI/f</t.handleChangeWrapper@https://static.zdassets.com/web_widget/latest/vendors~lazy/web_widget~messenger.88c46634dcce586eee9e.chunk.js:46:4381
b@https://static.zdassets.com/web_widget/latest/vendors~lazy/web_widget~messenger.88c46634dcce586eee9e.chunk.js:10:3606
tv/</</<@https://static.zdassets.com/web_widget/latest/lazy/web_widget.ab90333a43c801cfd35a.chunk.js:2:520568
w_/</<@https://static.zdassets.com/web_widget/latest/lazy/web_widget.ab90333a43c801cfd35a.chunk.js:2:632688
aT/</<@https://static.zdassets.com/web_widget/latest/lazy/web_widget.ab90333a43c801cfd35a.chunk.js:2:640450
tv/</</<@https://static.zdassets.com/web_widget/latest/lazy/web_widget.ab90333a43c801cfd35a.chunk.js:2:520568
hT/</<@https://static.zdassets.com/web_widget/latest/lazy/web_widget.ab90333a43c801cfd35a.chunk.js:2:643683
tv/</</<@https://static.zdassets.com/web_widget/latest/lazy/web_widget.ab90333a43c801cfd35a.chunk.js:2:520568
C_/</</<@https://static.zdassets.com/web_widget/latest/lazy/web_widget.ab90333a43c801cfd35a.chunk.js:2:632980
F_/</<@https://static.zdassets.com/web_widget/latest/lazy/web_widget.ab90333a43c801cfd35a.chunk.js:2:636476
r/</</<@https://static.zdassets.com/web_widget/latest/vendors~lazy/web_widget~messenger.88c46634dcce586eee9e.chunk.js:18:42017
dispatch@https://static.zdassets.com/web_widget/latest/vendors~lazy/web_widget~messenger.88c46634dcce586eee9e.chunk.js:10:7295
q/</<@https://static.zdassets.com/web_widget/latest/lazy/web_widget.ab90333a43c801cfd35a.chunk.js:2:684320


Original stack trace:
console.log: WebExtensions: reset-default-search: No addons in our list are installed.
1618892028993	mozrunner::runner	INFO	Running command: "/usr/bin/firefox" "-marionette" "-foreground" "-no-remote" "-profile" "/tmp/rust_mozprofileHd02YP"
console.warn: SearchSettings: "get: No settings file exists, new profile?" (new Error("", "(unknown module)"))
1618892064136	Marionette	INFO	Listening on port 36817
1618892064499	Marionette	WARN	TLS certificate errors will be ignored for this session
1618892113142	Marionette	INFO	Stopped listening on port 41433
JavaScript error: https://cookie-cdn.cookiepro.com/scripttemplates/6.4.0/otBannerSdk.js, line 7: TypeError: t is undefined
1618892196543	Marionette	INFO	Stopped listening on port 36817
1618892257869	mozrunner::runner	INFO	Running command: "/usr/bin/firefox" "-marionette" "-foreground" "-no-remote" "-profile" "/tmp/rust_mozprofilerdkB3l"
console.warn: SearchSettings: "get: No settings file exists, new profile?" (new Error("", "(unknown module)"))
1618892278439	Marionette	INFO	Listening on port 42187
1618892278684	Marionette	WARN	TLS certificate errors will be ignored for this session
JavaScript error: https://cookie-cdn.cookiepro.com/scripttemplates/6.4.0/otBannerSdk.js, line 7: TypeError: t is undefined
1618892555914	mozrunner::runner	INFO	Running command: "/usr/bin/firefox" "-marionette" "-foreground" "-no-remote" "-profile" "/tmp/rust_mozprofile1L7BOW"
console.warn: SearchSettings: "get: No settings file exists, new profile?" (new Error("", "(unknown module)"))
1618892569122	Marionette	INFO	Listening on port 40383
1618892569208	Marionette	WARN	TLS certificate errors will be ignored for this session
IPDL protocol error: Handler returned error code!

###!!! [Parent][DispatchAsyncMessage] Error: PLayerTransaction::Msg_ReleaseLayer Processing error: message was deserialized, but the handler returned false (indicating failure)

1618892597909	Marionette	INFO	Stopped listening on port 40383
1618892607061	Marionette	INFO	Stopped listening on port 42187
1618892650261	mozrunner::runner	INFO	Running command: "/usr/bin/firefox" "-marionette" "-foreground" "-no-remote" "-profile" "/tmp/rust_mozprofile6FgXiC"
console.warn: SearchSettings: "get: No settings file exists, new profile?" (new Error("", "(unknown module)"))
1618892672249	Marionette	INFO	Listening on port 45239
1618892672367	Marionette	WARN	TLS certificate errors will be ignored for this session
JavaScript error: https://cookie-cdn.cookiepro.com/scripttemplates/6.4.0/otBannerSdk.js, line 7: TypeError: t is undefined
JavaScript error: https://cookie-cdn.cookiepro.com/scripttemplates/6.4.0/otBannerSdk.js, line 7: TypeError: t is undefined
JavaScript error: https://static.zdassets.com/web_widget/latest/vendors~lazy/web_widget~messenger.88c46634dcce586eee9e.chunk.js, line 46: Error: An error occured while selecting the store state: Permission denied to access property "HelpCenter" on cross-origin object.
The error may be correlated with this previous error:
u@https://static.zdassets.com/web_widget/latest/framework.7358ca48d43ed514ac70.chunk.js:2:11876
s/</f<@https://static.zdassets.com/web_widget/latest/vendors~lazy/web_widget.2f80a0c45270ff6aa17e.chunk.js:40:60453
i/<@https://static.zdassets.com/web_widget/latest/vendors~lazy/web_widget.2f80a0c45270ff6aa17e.chunk.js:40:59777
s/</f<@https://static.zdassets.com/web_widget/latest/vendors~lazy/web_widget.2f80a0c45270ff6aa17e.chunk.js:40:60453
i/<@https://static.zdassets.com/web_widget/latest/vendors~lazy/web_widget.2f80a0c45270ff6aa17e.chunk.js:40:59777
s/</f<@https://static.zdassets.com/web_widget/latest/vendors~lazy/web_widget.2f80a0c45270ff6aa17e.chunk.js:40:60453
i/<@https://static.zdassets.com/web_widget/latest/vendors~lazy/web_widget.2f80a0c45270ff6aa17e.chunk.js:40:59777
s/</f<@https://static.zdassets.com/web_widget/latest/vendors~lazy/web_widget.2f80a0c45270ff6aa17e.chunk.js:40:60453
i/<@https://static.zdassets.com/web_widget/latest/vendors~lazy/web_widget.2f80a0c45270ff6aa17e.chunk.js:40:59777
de@https://static.zdassets.com/web_widget/latest/lazy/web_widget.ab90333a43c801cfd35a.chunk.js:2:135863
St/s<@https://static.zdassets.com/web_widget/latest/lazy/web_widget.ab90333a43c801cfd35a.chunk.js:2:266178
e@https://static.zdassets.com/web_widget/latest/vendors~lazy/web_widget~messenger.88c46634dcce586eee9e.chunk.js:46:14769
uDfI/f</t.handleChangeWrapper@https://static.zdassets.com/web_widget/latest/vendors~lazy/web_widget~messenger.88c46634dcce586eee9e.chunk.js:46:4381
notify/<@https://static.zdassets.com/web_widget/latest/vendors~lazy/web_widget~messenger.88c46634dcce586eee9e.chunk.js:46:3816
pl@https://static.zdassets.com/web_widget/latest/vendors~lazy/web_widget~messenger.88c46634dcce586eee9e.chunk.js:54:95404
notify@https://static.zdassets.com/web_widget/latest/vendors~lazy/web_widget~messenger.88c46634dcce586eee9e.chunk.js:46:3772
uDfI/f</t.notifyNestedSubs@https://static.zdassets.com/web_widget/latest/vendors~lazy/web_widget~messenger.88c46634dcce586eee9e.chunk.js:46:4313
uDfI/d</a.notifySubscribers@https://static.zdassets.com/web_widget/latest/vendors~lazy/web_widget~messenger.88c46634dcce586eee9e.chunk.js:46:5877
uDfI/f</t.handleChangeWrapper@https://static.zdassets.com/web_widget/latest/vendors~lazy/web_widget~messenger.88c46634dcce586eee9e.chunk.js:46:4381
b@https://static.zdassets.com/web_widget/latest/vendors~lazy/web_widget~messenger.88c46634dcce586eee9e.chunk.js:10:3606
tv/</</<@https://static.zdassets.com/web_widget/latest/lazy/web_widget.ab90333a43c801cfd35a.chunk.js:2:520568
w_/</<@https://static.zdassets.com/web_widget/latest/lazy/web_widget.ab90333a43c801cfd35a.chunk.js:2:632688
aT/</<@https://static.zdassets.com/web_widget/latest/lazy/web_widget.ab90333a43c801cfd35a.chunk.js:2:640450
tv/</</<@https://static.zdassets.com/web_widget/latest/lazy/web_widget.ab90333a43c801cfd35a.chunk.js:2:520568
hT/</<@https://static.zdassets.com/web_widget/latest/lazy/web_widget.ab90333a43c801cfd35a.chunk.js:2:643683
tv/</</<@https://static.zdassets.com/web_widget/latest/lazy/web_widget.ab90333a43c801cfd35a.chunk.js:2:520568
C_/</</<@https://static.zdassets.com/web_widget/latest/lazy/web_widget.ab90333a43c801cfd35a.chunk.js:2:632980
F_/</<@https://static.zdassets.com/web_widget/latest/lazy/web_widget.ab90333a43c801cfd35a.chunk.js:2:636476
r/</</<@https://static.zdassets.com/web_widget/latest/vendors~lazy/web_widget~messenger.88c46634dcce586eee9e.chunk.js:18:42017
dispatch@https://static.zdassets.com/web_widget/latest/vendors~lazy/web_widget~messenger.88c46634dcce586eee9e.chunk.js:10:7295
q/</<@https://static.zdassets.com/web_widget/latest/lazy/web_widget.ab90333a43c801cfd35a.chunk.js:2:684320


Original stack trace:
JavaScript error: https://cookie-cdn.cookiepro.com/scripttemplates/6.4.0/otBannerSdk.js, line 7: TypeError: t is undefined
console.log: WebExtensions: reset-default-search: No addons in our list are installed.
JavaScript error: https://cookie-cdn.cookiepro.com/scripttemplates/6.4.0/otBannerSdk.js, line 7: TypeError: t is undefined
JavaScript error: https://cookie-cdn.cookiepro.com/scripttemplates/6.4.0/otBannerSdk.js, line 7: TypeError: t is undefined
JavaScript error: https://cookie-cdn.cookiepro.com/scripttemplates/6.4.0/otBannerSdk.js, line 7: TypeError: t is undefined
1618893263499	Marionette	INFO	Stopped listening on port 45239
1618957336918	mozrunner::runner	INFO	Running command: "/usr/bin/firefox" "-marionette" "-foreground" "-no-remote" "-profile" "/tmp/rust_mozprofileM7YPdi"
console.warn: SearchSettings: "get: No settings file exists, new profile?" (new Error("", "(unknown module)"))
1618957362477	Marionette	INFO	Listening on port 35279
1618957362768	Marionette	WARN	TLS certificate errors will be ignored for this session
JavaScript error: https://cookie-cdn.cookiepro.com/scripttemplates/6.4.0/otBannerSdk.js, line 7: TypeError: t is undefined
JavaScript error: https://cookie-cdn.cookiepro.com/scripttemplates/6.4.0/otBannerSdk.js, line 7: TypeError: t is undefined
JavaScript error: https://cookie-cdn.cookiepro.com/scripttemplates/6.4.0/otBannerSdk.js, line 7: TypeError: t is undefined
JavaScript error: https://cookie-cdn.cookiepro.com/scripttemplates/6.4.0/otBannerSdk.js, line 7: TypeError: t is undefined
JavaScript error: https://cookie-cdn.cookiepro.com/scripttemplates/6.4.0/otBannerSdk.js, line 7: TypeError: t is undefined
JavaScript error: https://cookie-cdn.cookiepro.com/scripttemplates/6.4.0/otBannerSdk.js, line 7: TypeError: t is undefined
JavaScript error: https://cookie-cdn.cookiepro.com/scripttemplates/6.4.0/otBannerSdk.js, line 7: TypeError: t is undefined
console.log: WebExtensions: reset-default-search: No addons in our list are installed.
JavaScript error: https://cookie-cdn.cookiepro.com/scripttemplates/6.4.0/otBannerSdk.js, line 7: TypeError: t is undefined
JavaScript error: https://cookie-cdn.cookiepro.com/scripttemplates/6.4.0/otBannerSdk.js, line 7: TypeError: Ge.preferenceCenterGroup is undefined
JavaScript error: https://cookie-cdn.cookiepro.com/scripttemplates/6.4.0/otBannerSdk.js, line 7: TypeError: t is undefined
JavaScript error: https://static.zdassets.com/web_widget/latest/vendors~lazy/web_widget~messenger.88c46634dcce586eee9e.chunk.js, line 46: Error: An error occured while selecting the store state: Permission denied to access property "HelpCenter" on cross-origin object.
The error may be correlated with this previous error:
u@https://static.zdassets.com/web_widget/latest/framework.7358ca48d43ed514ac70.chunk.js:2:11876
s/</f<@https://static.zdassets.com/web_widget/latest/vendors~lazy/web_widget.2f80a0c45270ff6aa17e.chunk.js:40:60453
i/<@https://static.zdassets.com/web_widget/latest/vendors~lazy/web_widget.2f80a0c45270ff6aa17e.chunk.js:40:59777
s/</f<@https://static.zdassets.com/web_widget/latest/vendors~lazy/web_widget.2f80a0c45270ff6aa17e.chunk.js:40:60453
i/<@https://static.zdassets.com/web_widget/latest/vendors~lazy/web_widget.2f80a0c45270ff6aa17e.chunk.js:40:59777
s/</f<@https://static.zdassets.com/web_widget/latest/vendors~lazy/web_widget.2f80a0c45270ff6aa17e.chunk.js:40:60453
i/<@https://static.zdassets.com/web_widget/latest/vendors~lazy/web_widget.2f80a0c45270ff6aa17e.chunk.js:40:59777
s/</f<@https://static.zdassets.com/web_widget/latest/vendors~lazy/web_widget.2f80a0c45270ff6aa17e.chunk.js:40:60453
i/<@https://static.zdassets.com/web_widget/latest/vendors~lazy/web_widget.2f80a0c45270ff6aa17e.chunk.js:40:59777
de@https://static.zdassets.com/web_widget/latest/lazy/web_widget.ab90333a43c801cfd35a.chunk.js:2:135863
St/s<@https://static.zdassets.com/web_widget/latest/lazy/web_widget.ab90333a43c801cfd35a.chunk.js:2:266178
e@https://static.zdassets.com/web_widget/latest/vendors~lazy/web_widget~messenger.88c46634dcce586eee9e.chunk.js:46:14769
uDfI/f</t.handleChangeWrapper@https://static.zdassets.com/web_widget/latest/vendors~lazy/web_widget~messenger.88c46634dcce586eee9e.chunk.js:46:4381
notify/<@https://static.zdassets.com/web_widget/latest/vendors~lazy/web_widget~messenger.88c46634dcce586eee9e.chunk.js:46:3816
pl@https://static.zdassets.com/web_widget/latest/vendors~lazy/web_widget~messenger.88c46634dcce586eee9e.chunk.js:54:95404
notify@https://static.zdassets.com/web_widget/latest/vendors~lazy/web_widget~messenger.88c46634dcce586eee9e.chunk.js:46:3772
uDfI/f</t.notifyNestedSubs@https://static.zdassets.com/web_widget/latest/vendors~lazy/web_widget~messenger.88c46634dcce586eee9e.chunk.js:46:4313
uDfI/d</a.notifySubscribers@https://static.zdassets.com/web_widget/latest/vendors~lazy/web_widget~messenger.88c46634dcce586eee9e.chunk.js:46:5877
uDfI/f</t.handleChangeWrapper@https://static.zdassets.com/web_widget/latest/vendors~lazy/web_widget~messenger.88c46634dcce586eee9e.chunk.js:46:4381
b@https://static.zdassets.com/web_widget/latest/vendors~lazy/web_widget~messenger.88c46634dcce586eee9e.chunk.js:10:3606
tv/</</<@https://static.zdassets.com/web_widget/latest/lazy/web_widget.ab90333a43c801cfd35a.chunk.js:2:520568
w_/</<@https://static.zdassets.com/web_widget/latest/lazy/web_widget.ab90333a43c801cfd35a.chunk.js:2:632688
aT/</<@https://static.zdassets.com/web_widget/latest/lazy/web_widget.ab90333a43c801cfd35a.chunk.js:2:640450
tv/</</<@https://static.zdassets.com/web_widget/latest/lazy/web_widget.ab90333a43c801cfd35a.chunk.js:2:520568
hT/</<@https://static.zdassets.com/web_widget/latest/lazy/web_widget.ab90333a43c801cfd35a.chunk.js:2:643683
tv/</</<@https://static.zdassets.com/web_widget/latest/lazy/web_widget.ab90333a43c801cfd35a.chunk.js:2:520568
C_/</</<@https://static.zdassets.com/web_widget/latest/lazy/web_widget.ab90333a43c801cfd35a.chunk.js:2:632980
F_/</<@https://static.zdassets.com/web_widget/latest/lazy/web_widget.ab90333a43c801cfd35a.chunk.js:2:636476
r/</</<@https://static.zdassets.com/web_widget/latest/vendors~lazy/web_widget~messenger.88c46634dcce586eee9e.chunk.js:18:42017
dispatch@https://static.zdassets.com/web_widget/latest/vendors~lazy/web_widget~messenger.88c46634dcce586eee9e.chunk.js:10:7295
q/</<@https://static.zdassets.com/web_widget/latest/lazy/web_widget.ab90333a43c801cfd35a.chunk.js:2:684320


Original stack trace:
JavaScript error: https://cookie-cdn.cookiepro.com/scripttemplates/6.4.0/otBannerSdk.js, line 7: TypeError: t is undefined
JavaScript error: https://static.zdassets.com/web_widget/latest/vendors~lazy/web_widget~messenger.88c46634dcce586eee9e.chunk.js, line 46: Error: An error occured while selecting the store state: Permission denied to access property "HelpCenter" on cross-origin object.
The error may be correlated with this previous error:
u@https://static.zdassets.com/web_widget/latest/framework.7358ca48d43ed514ac70.chunk.js:2:11876
s/</f<@https://static.zdassets.com/web_widget/latest/vendors~lazy/web_widget.2f80a0c45270ff6aa17e.chunk.js:40:60453
i/<@https://static.zdassets.com/web_widget/latest/vendors~lazy/web_widget.2f80a0c45270ff6aa17e.chunk.js:40:59777
s/</f<@https://static.zdassets.com/web_widget/latest/vendors~lazy/web_widget.2f80a0c45270ff6aa17e.chunk.js:40:60453
i/<@https://static.zdassets.com/web_widget/latest/vendors~lazy/web_widget.2f80a0c45270ff6aa17e.chunk.js:40:59777
s/</f<@https://static.zdassets.com/web_widget/latest/vendors~lazy/web_widget.2f80a0c45270ff6aa17e.chunk.js:40:60453
i/<@https://static.zdassets.com/web_widget/latest/vendors~lazy/web_widget.2f80a0c45270ff6aa17e.chunk.js:40:59777
s/</f<@https://static.zdassets.com/web_widget/latest/vendors~lazy/web_widget.2f80a0c45270ff6aa17e.chunk.js:40:60453
i/<@https://static.zdassets.com/web_widget/latest/vendors~lazy/web_widget.2f80a0c45270ff6aa17e.chunk.js:40:59777
de@https://static.zdassets.com/web_widget/latest/lazy/web_widget.ab90333a43c801cfd35a.chunk.js:2:135863
St/s<@https://static.zdassets.com/web_widget/latest/lazy/web_widget.ab90333a43c801cfd35a.chunk.js:2:266178
e@https://static.zdassets.com/web_widget/latest/vendors~lazy/web_widget~messenger.88c46634dcce586eee9e.chunk.js:46:14769
uDfI/f</t.handleChangeWrapper@https://static.zdassets.com/web_widget/latest/vendors~lazy/web_widget~messenger.88c46634dcce586eee9e.chunk.js:46:4381
notify/<@https://static.zdassets.com/web_widget/latest/vendors~lazy/web_widget~messenger.88c46634dcce586eee9e.chunk.js:46:3816
pl@https://static.zdassets.com/web_widget/latest/vendors~lazy/web_widget~messenger.88c46634dcce586eee9e.chunk.js:54:95404
notify@https://static.zdassets.com/web_widget/latest/vendors~lazy/web_widget~messenger.88c46634dcce586eee9e.chunk.js:46:3772
uDfI/f</t.notifyNestedSubs@https://static.zdassets.com/web_widget/latest/vendors~lazy/web_widget~messenger.88c46634dcce586eee9e.chunk.js:46:4313
uDfI/d</a.notifySubscribers@https://static.zdassets.com/web_widget/latest/vendors~lazy/web_widget~messenger.88c46634dcce586eee9e.chunk.js:46:5877
uDfI/f</t.handleChangeWrapper@https://static.zdassets.com/web_widget/latest/vendors~lazy/web_widget~messenger.88c46634dcce586eee9e.chunk.js:46:4381
b@https://static.zdassets.com/web_widget/latest/vendors~lazy/web_widget~messenger.88c46634dcce586eee9e.chunk.js:10:3606
tv/</</<@https://static.zdassets.com/web_widget/latest/lazy/web_widget.ab90333a43c801cfd35a.chunk.js:2:520568
w_/</<@https://static.zdassets.com/web_widget/latest/lazy/web_widget.ab90333a43c801cfd35a.chunk.js:2:632688
aT/</<@https://static.zdassets.com/web_widget/latest/lazy/web_widget.ab90333a43c801cfd35a.chunk.js:2:640450
tv/</</<@https://static.zdassets.com/web_widget/latest/lazy/web_widget.ab90333a43c801cfd35a.chunk.js:2:520568
hT/</<@https://static.zdassets.com/web_widget/latest/lazy/web_widget.ab90333a43c801cfd35a.chunk.js:2:643683
tv/</</<@https://static.zdassets.com/web_widget/latest/lazy/web_widget.ab90333a43c801cfd35a.chunk.js:2:520568
C_/</</<@https://static.zdassets.com/web_widget/latest/lazy/web_widget.ab90333a43c801cfd35a.chunk.js:2:632980
F_/</<@https://static.zdassets.com/web_widget/latest/lazy/web_widget.ab90333a43c801cfd35a.chunk.js:2:636476
r/</</<@https://static.zdassets.com/web_widget/latest/vendors~lazy/web_widget~messenger.88c46634dcce586eee9e.chunk.js:18:42017
dispatch@https://static.zdassets.com/web_widget/latest/vendors~lazy/web_widget~messenger.88c46634dcce586eee9e.chunk.js:10:7295
q/</<@https://static.zdassets.com/web_widget/latest/lazy/web_widget.ab90333a43c801cfd35a.chunk.js:2:684320


Original stack trace:
JavaScript error: https://cookie-cdn.cookiepro.com/scripttemplates/6.4.0/otBannerSdk.js, line 7: TypeError: t is undefined
1618959915760	Marionette	INFO	Stopped listening on port 35279
